<?xml version="1.0" encoding="UTF-8"?>
<!-- Generated by org.testng.reporters.JUnitXMLReporter -->
<testsuite ignored="0" hostname="MoneyHeist" failures="1" tests="1" name="opencartTest" time="15.446" errors="0" timestamp="2023-06-17T19:25:02 IST">
  <testcase classname="testCases.TC_002_LoginTest" name="test_Login" time="10.814">
    <failure type="java.lang.AssertionError" message="expected [true] but found [false]">
      <![CDATA[java.lang.AssertionError: expected [true] but found [false]
at testCases.TC_002_LoginTest.test_Login(TC_002_LoginTest.java:38)
at java.base/java.util.ArrayList.forEach(ArrayList.java:1511)
... Removed 38 stack frames]]>
    </failure>
  </testcase> <!-- test_Login -->
</testsuite> <!-- opencartTest -->
